gpasm-1.4.0 #1106 (Oct  6 2014) obj\Debug\mai   5-1-2022  15:14:47          PAGE  1


LOC    OBJECT CODE    LINE  SOURCE TEXT
  VALUE

                      00001 ;--------------------------------------------------------
                      00002 ; File Created by SDCC : free open source ANSI-C Compiler
                      00003 ; Version 3.5.0 #9253 (Jun 20 2015) (MINGW32)
                      00004 ; This file was generated Sun May 01 15:14:47 2022
                      00005 ;--------------------------------------------------------
                      00006 ; PIC port for the 14-bit core
                      00007 ;--------------------------------------------------------
                      00008         .file   "main.c"
                      00009         list    p=16f877a
                      00010         radix dec
                      00011         include "p16f877a.inc"
                      00001         LIST
                      00002 
                      00003 ;==========================================================================
                      00004 ; Build date : Aug 07 2014
                      00005 ;  MPASM PIC16F877A processor include
                      00006 ; 
                      00007 ;  (c) Copyright 1999-2014 Microchip Technology, All rights reserved
                      00008 ;==========================================================================
                      00009 
                      00567         LIST
                      00012 ;--------------------------------------------------------
                      00013 ; external declarations
                      00014 ;--------------------------------------------------------
  0000                00015         extern  __print_format
  0000                00016         extern  _printf_small
  0000                00017         extern  _printf
  0000                00018         extern  _vprintf
  0000                00019         extern  _sprintf
  0000                00020         extern  _vsprintf
  0000                00021         extern  _puts
  0000                00022         extern  _gets
  0000                00023         extern  _getchar
  0000                00024         extern  _putchar
  0000                00025         extern  _calloc
  0000                00026         extern  _malloc
  0000                00027         extern  _realloc
  0000                00028         extern  _free
  0000                00029         extern  _abs
  0000                00030         extern  _labs
  0000                00031         extern  _atof
  0000                00032         extern  _atoi
  0000                00033         extern  _atol
  0000                00034         extern  __uitoa
  0000                00035         extern  __itoa
  0000                00036         extern  __ultoa
  0000                00037         extern  __ltoa
  0000                00038         extern  _rand
  0000                00039         extern  _srand
  0000                00040         extern  __sdcc_gsinit_startup
                      00041 ;--------------------------------------------------------
                      00042 ; global declarations
                      00043 ;--------------------------------------------------------
gpasm-1.4.0 #1106 (Oct  6 2014) obj\Debug\mai   5-1-2022  15:14:47          PAGE  2


LOC    OBJECT CODE    LINE  SOURCE TEXT
  VALUE

  0000                00044         global  _main
                      00045 
  0000                00046         global PSAVE
  0000                00047         global SSAVE
  0000                00048         global WSAVE
  0000                00049         global STK12
  0000                00050         global STK11
  0000                00051         global STK10
  0000                00052         global STK09
  0000                00053         global STK08
  0000                00054         global STK07
  0000                00055         global STK06
  0000                00056         global STK05
  0000                00057         global STK04
  0000                00058         global STK03
  0000                00059         global STK02
  0000                00060         global STK01
  0000                00061         global STK00
                      00062 
                      00063 sharebank udata_ovr 0x0070
0070                  00064 PSAVE   res 1
0071                  00065 SSAVE   res 1
0072                  00066 WSAVE   res 1
0073                  00067 STK12   res 1
0074                  00068 STK11   res 1
0075                  00069 STK10   res 1
0076                  00070 STK09   res 1
0077                  00071 STK08   res 1
0078                  00072 STK07   res 1
0079                  00073 STK06   res 1
007A                  00074 STK05   res 1
007B                  00075 STK04   res 1
007C                  00076 STK03   res 1
007D                  00077 STK02   res 1
007E                  00078 STK01   res 1
007F                  00079 STK00   res 1
                      00080 
                      00081 ;--------------------------------------------------------
                      00082 ; global definitions
                      00083 ;--------------------------------------------------------
                      00084 ;--------------------------------------------------------
                      00085 ; absolute symbol definitions
                      00086 ;--------------------------------------------------------
                      00087 ;--------------------------------------------------------
                      00088 ; compiler-defined variables
                      00089 ;--------------------------------------------------------
                      00090 ;--------------------------------------------------------
                      00091 ; initialized data
                      00092 ;--------------------------------------------------------
                      00093 
                      00094 ID_main_0       code
0000                  00095 ___str_0
0000   3448           00096         retlw 0x48 ; 'H'
gpasm-1.4.0 #1106 (Oct  6 2014) obj\Debug\mai   5-1-2022  15:14:47          PAGE  3


LOC    OBJECT CODE    LINE  SOURCE TEXT
  VALUE

0001   3465           00097         retlw 0x65 ; 'e'
0002   346C           00098         retlw 0x6c ; 'l'
0003   346C           00099         retlw 0x6c ; 'l'
0004   346F           00100         retlw 0x6f ; 'o'
0005   3420           00101         retlw 0x20 ; ' '
0006   3477           00102         retlw 0x77 ; 'w'
0007   346F           00103         retlw 0x6f ; 'o'
0008   3472           00104         retlw 0x72 ; 'r'
0009   346C           00105         retlw 0x6c ; 'l'
000A   3464           00106         retlw 0x64 ; 'd'
000B   3421           00107         retlw 0x21 ; '!'
000C   340A           00108         retlw 0x0a ; '.'
000D   3400           00109         retlw 0x00 ; '.'
                      00110 ;--------------------------------------------------------
                      00111 ; overlayable items in internal ram 
                      00112 ;--------------------------------------------------------
                      00113 ;       udata_ovr
                      00114 ;--------------------------------------------------------
                      00115 ; reset vector 
                      00116 ;--------------------------------------------------------
                      00117 STARTUP code 0x0000
0000   0000           00118         nop
0001   ???? ????      00119         pagesel __sdcc_gsinit_startup
0003   2???           00120         goto    __sdcc_gsinit_startup
                      00121 ;--------------------------------------------------------
                      00122 ; code
                      00123 ;--------------------------------------------------------
                      00124 code_main       code
                      00125 ;***
                      00126 ;  pBlock Stats: dbName = M
                      00127 ;***
                      00128 ;entry:  _main  ;Function start
                      00129 ; 2 exit points
                      00130 ;has an exit
                      00131 ;functions called:
                      00132 ;   _printf
                      00133 ;   _printf
                      00134 ;4 compiler assigned registers:
                      00135 ;   r0x1000
                      00136 ;   r0x1001
                      00137 ;   r0x1002
                      00138 ;   STK00
                      00139 ;; Starting pCode block
                      00140 ;;; /home/sdcc-builder/build/sdcc-build/orig/sdcc/src/pic14/gen.c:2316:resultRemat *{*
                      00141 ;;; /home/sdcc-builder/build/sdcc-build/orig/sdcc/src/pic14/gen.c:2760:genLabel *{*
                      00142 ;; ***  genLabel  2763
                      00143 ;;; /home/sdcc-builder/build/sdcc-build/orig/sdcc/src/pic14/gen.c:2316:resultRemat *{*
                      00144 ;;; /home/sdcc-builder/build/sdcc-build/orig/sdcc/src/pic14/gen.c:2340:genFunction *{*
                      00145 ;; ***  genFunction  2342 curr label offset=0previous max_key=0 
0000                  00146 _main   ;Function start
                      00147 ; 2 exit points
                      00148 ;;; /home/sdcc-builder/build/sdcc-build/orig/sdcc/src/pic14/gen.c:2316:resultRemat *{*
                      00149 ;;; /home/sdcc-builder/build/sdcc-build/orig/sdcc/src/pic14/gen.c:2316:resultRemat *{*
gpasm-1.4.0 #1106 (Oct  6 2014) obj\Debug\mai   5-1-2022  15:14:47          PAGE  4


LOC    OBJECT CODE    LINE  SOURCE TEXT
  VALUE

                      00150 ;;; /home/sdcc-builder/build/sdcc-build/orig/sdcc/src/pic14/gen.c:7120:genCast *{*
                      00151 ;; ***  genCast  7121
                      00152 ;;      613
                      00153 ;;      aopForRemat 392
                      00154 ;;      418: rname ___str_0, val 0, const = 0
                      00155 ;;      694 register type nRegs=3
                      00156 ;;      833: aopGet AOP_PCODE type PO_IMMEDIATE
                      00157 ;;      ___str_0
                      00158 ;;      line = 7129 result AOP_REG=r0x1048, size=3, left -=-, size=0, right AOP_PCODE=___str_0, size=2
                      00159 ;; ***  genCast  7174
                      00160 ;;; /home/sdcc-builder/build/sdcc-build/orig/sdcc/src/pic14/gen.c:1343:mov2w_op *{*
                      00161 ;; >>> /home/sdcc-builder/build/sdcc-build/orig/sdcc/src/pic14/gen.c:1361:mov2w_op
                      00162         .line   6; "main.c"     printf("Hello world!\n");
0000   30??           00163         MOVLW   high (___str_0 + 0)
                      00164 ;; >>> /home/sdcc-builder/build/sdcc-build/orig/sdcc/src/pic14/gen.c:1393:movwf
                      00165 ;;      1109 rIdx = r0x1049 
                      00166 ;;1     MOVWF   r0x1000
                      00167 ;;; /home/sdcc-builder/build/sdcc-build/orig/sdcc/src/pic14/gen.c:1343:mov2w_op *{*
                      00168 ;; >>> /home/sdcc-builder/build/sdcc-build/orig/sdcc/src/pic14/gen.c:1361:mov2w_op
0001   30??           00169         MOVLW   (___str_0 + 0)
                      00170 ;; >>> /home/sdcc-builder/build/sdcc-build/orig/sdcc/src/pic14/gen.c:1393:movwf
                      00171 ;;      1109 rIdx = r0x1048 
                      00172 ;;1     MOVWF   r0x1001
                      00173 ;; >>> /home/sdcc-builder/build/sdcc-build/orig/sdcc/src/pic14/gen.c:7234:genCast
0002   3080           00174         MOVLW   0x80
                      00175 ;; >>> /home/sdcc-builder/build/sdcc-build/orig/sdcc/src/pic14/gen.c:1393:movwf
                      00176 ;;      1109 rIdx = r0x104A 
                      00177 ;;1     MOVWF   r0x1002
                      00178 ;;; /home/sdcc-builder/build/sdcc-build/orig/sdcc/src/pic14/gen.c:2316:resultRemat *{*
                      00179 ;;; /home/sdcc-builder/build/sdcc-build/orig/sdcc/src/pic14/gen.c:1928:genIpush *{*
                      00180 ;; ***  genIpush  1930 - WARNING no code generated
                      00181 ;;; /home/sdcc-builder/build/sdcc-build/orig/sdcc/src/pic14/gen.c:2316:resultRemat *{*
                      00182 ;;; /home/sdcc-builder/build/sdcc-build/orig/sdcc/src/pic14/gen.c:2086:genCall *{*
                      00183 ;; ***  genCall  2088
                      00184 ;;; /home/sdcc-builder/build/sdcc-build/orig/sdcc/src/pic14/gen.c:1801:saveRegisters *{*
                      00185 ;; ***  saveRegisters  1803
                      00186 ;; >>> /home/sdcc-builder/build/sdcc-build/orig/sdcc/src/pic14/gen.c:2173:genCall
0003   ???? ????      00187         PAGESEL _printf
                      00188 ;; >>> /home/sdcc-builder/build/sdcc-build/orig/sdcc/src/pic14/gen.c:2175:genCall
0005   2???           00189         CALL    _printf
                      00190 ;; >>> /home/sdcc-builder/build/sdcc-build/orig/sdcc/src/pic14/gen.c:2181:genCall
0006   ???? ????      00191         PAGESEL $
                      00192 ;;; /home/sdcc-builder/build/sdcc-build/orig/sdcc/src/pic14/gen.c:1845:unsaveRegisters *{*
                      00193 ;; ***  unsaveRegisters  1847
                      00194 ;;; /home/sdcc-builder/build/sdcc-build/orig/sdcc/src/pic14/gen.c:2316:resultRemat *{*
                      00195 ;;; /home/sdcc-builder/build/sdcc-build/orig/sdcc/src/pic14/gen.c:2683:genRet *{*
                      00196 ;; ***  genRet  2685
                      00197 ;;; /home/sdcc-builder/build/sdcc-build/orig/sdcc/src/pic14/gen.c:1343:mov2w_op *{*
                      00198 ;; >>> /home/sdcc-builder/build/sdcc-build/orig/sdcc/src/pic14/gen.c:1361:mov2w_op
                      00199         .line   7; "main.c"     return 0;
0008   3000           00200         MOVLW   0x00
                      00201 ;; >>> /home/sdcc-builder/build/sdcc-build/orig/sdcc/src/pic14/gen.c:1416:pass_argument
                      00202 ;; ***  popRegFromIdx,1042  , rIdx=0x7f
gpasm-1.4.0 #1106 (Oct  6 2014) obj\Debug\mai   5-1-2022  15:14:47          PAGE  5


LOC    OBJECT CODE    LINE  SOURCE TEXT
  VALUE

0009   00??           00203         MOVWF   STK00
                      00204 ;;; /home/sdcc-builder/build/sdcc-build/orig/sdcc/src/pic14/gen.c:1343:mov2w_op *{*
                      00205 ;; >>> /home/sdcc-builder/build/sdcc-build/orig/sdcc/src/pic14/gen.c:1361:mov2w_op
000A   3000           00206         MOVLW   0x00
                      00207 ;;; /home/sdcc-builder/build/sdcc-build/orig/sdcc/src/pic14/gen.c:2316:resultRemat *{*
                      00208 ;;; /home/sdcc-builder/build/sdcc-build/orig/sdcc/src/pic14/gen.c:2760:genLabel *{*
                      00209 ;; ***  genLabel  2763
                      00210 ;;; /home/sdcc-builder/build/sdcc-build/orig/sdcc/src/pic14/gen.c:2316:resultRemat *{*
                      00211 ;;; /home/sdcc-builder/build/sdcc-build/orig/sdcc/src/pic14/gen.c:2528:genEndFunction *{*
                      00212 ;; ***  genEndFunction  2530
000B   0008           00213         RETURN  
                      00214 ; exit point of _main
                      00215 
                      00216 
                      00217 ;       code size estimation:
                      00218 ;           8+    2 =    10 instructions (   24 byte)
                      00219 
                      00220         end
gpasm-1.4.0 #1106 (Oct  6 2014) obj\Debug\mai   5-1-2022  15:14:47          PAGE  6


SYMBOL TABLE
  LABEL                             VALUE

ACKDT                             00000005
ACKEN                             00000004
ACKSTAT                           00000006
ADCON0                            0000001F
ADCON1                            0000009F
ADCS0                             00000006
ADCS1                             00000007
ADCS2                             00000006
ADDEN                             00000003
ADFM                              00000007
ADIE                              00000006
ADIF                              00000006
ADON                              00000000
ADRESH                            0000001E
ADRESL                            0000009E
BCLIE                             00000003
BCLIF                             00000003
BF                                00000000
BRGH                              00000002
C                                 00000000
C1INV                             00000004
C1OUT                             00000006
C2INV                             00000005
C2OUT                             00000007
CCP1CON                           00000017
CCP1IE                            00000002
CCP1IF                            00000002
CCP1M0                            00000000
CCP1M1                            00000001
CCP1M2                            00000002
CCP1M3                            00000003
CCP1X                             00000005
CCP1Y                             00000004
CCP2CON                           0000001D
CCP2IE                            00000000
CCP2IF                            00000000
CCP2M0                            00000000
CCP2M1                            00000001
CCP2M2                            00000002
CCP2M3                            00000003
CCP2X                             00000005
CCP2Y                             00000004
CCPR1                             00000015
CCPR1H                            00000016
CCPR1L                            00000015
CCPR2                             0000001B
CCPR2H                            0000001C
CCPR2L                            0000001B
CHS0                              00000003
CHS1                              00000004
CHS2                              00000005
CIS                               00000003
CKE                               00000006
gpasm-1.4.0 #1106 (Oct  6 2014) obj\Debug\mai   5-1-2022  15:14:47          PAGE  7


SYMBOL TABLE
  LABEL                             VALUE 

CKP                               00000004
CM0                               00000000
CM1                               00000001
CM2                               00000002
CMCON                             0000009C
CMIE                              00000006
CMIF                              00000006
CREN                              00000004
CSRC                              00000007
CVR0                              00000000
CVR1                              00000001
CVR2                              00000002
CVR3                              00000003
CVRCON                            0000009D
CVREN                             00000007
CVROE                             00000006
CVRR                              00000005
D                                 00000005
DATA_ADDRESS                      00000005
DC                                00000001
D_A                               00000005
D_NOT_A                           00000005
EEADR                             0000010D
EEADRH                            0000010F
EECON1                            0000018C
EECON2                            0000018D
EEDATA                            0000010C
EEDATH                            0000010E
EEIE                              00000004
EEIF                              00000004
EEPGD                             00000007
F                                 00000001
FERR                              00000002
FSR                               00000004
GCEN                              00000007
GIE                               00000007
GO                                00000002
GO_DONE                           00000002
GO_NOT_DONE                       00000002
I2C_DATA                          00000005
I2C_READ                          00000002
I2C_START                         00000003
I2C_STOP                          00000004
IBF                               00000007
IBOV                              00000005
INDF                              00000000
INTCON                            0000000B
INTE                              00000004
INTEDG                            00000006
INTF                              00000001
IRP                               00000007
NOT_A                             00000005
NOT_ADDRESS                       00000005
gpasm-1.4.0 #1106 (Oct  6 2014) obj\Debug\mai   5-1-2022  15:14:47          PAGE  8


SYMBOL TABLE
  LABEL                             VALUE 

NOT_BO                            00000000
NOT_BOR                           00000000
NOT_DONE                          00000002
NOT_PD                            00000003
NOT_POR                           00000001
NOT_RBPU                          00000007
NOT_RC8                           00000006
NOT_T1SYNC                        00000002
NOT_TO                            00000004
NOT_TX8                           00000006
NOT_W                             00000002
NOT_WRITE                         00000002
OBF                               00000006
OERR                              00000001
OPTION_REG                        00000081
P                                 00000004
PCFG0                             00000000
PCFG1                             00000001
PCFG2                             00000002
PCFG3                             00000003
PCL                               00000002
PCLATH                            0000000A
PCON                              0000008E
PEIE                              00000006
PEN                               00000002
PIE1                              0000008C
PIE2                              0000008D
PIR1                              0000000C
PIR2                              0000000D
PORTA                             00000005
PORTB                             00000006
PORTC                             00000007
PORTD                             00000008
PORTE                             00000009
PR2                               00000092
PS0                               00000000
PS1                               00000001
PS2                               00000002
PSA                               00000003
PSAVE                             00000070
PSPIE                             00000007
PSPIF                             00000007
PSPMODE                           00000004
R                                 00000002
RA0                               00000000
RA1                               00000001
RA2                               00000002
RA3                               00000003
RA4                               00000004
RA5                               00000005
RB0                               00000000
RB1                               00000001
RB2                               00000002
gpasm-1.4.0 #1106 (Oct  6 2014) obj\Debug\mai   5-1-2022  15:14:47          PAGE  9


SYMBOL TABLE
  LABEL                             VALUE 

RB3                               00000003
RB4                               00000004
RB5                               00000005
RB6                               00000006
RB7                               00000007
RBIE                              00000003
RBIF                              00000000
RC0                               00000000
RC1                               00000001
RC2                               00000002
RC3                               00000003
RC4                               00000004
RC5                               00000005
RC6                               00000006
RC7                               00000007
RC8_9                             00000006
RC9                               00000006
RCD8                              00000000
RCEN                              00000003
RCIE                              00000005
RCIF                              00000005
RCREG                             0000001A
RCSTA                             00000018
RD                                00000000
RD0                               00000000
RD1                               00000001
RD2                               00000002
RD3                               00000003
RD4                               00000004
RD5                               00000005
RD6                               00000006
RD7                               00000007
RE0                               00000000
RE1                               00000001
RE2                               00000002
READ_WRITE                        00000002
RP0                               00000005
RP1                               00000006
RSEN                              00000001
RX9                               00000006
RX9D                              00000000
R_NOT_W                           00000002
R_W                               00000002
S                                 00000003
SEN                               00000000
SMP                               00000007
SPBRG                             00000099
SPEN                              00000007
SREN                              00000005
SSAVE                             00000071
SSPADD                            00000093
SSPBUF                            00000013
SSPCON                            00000014
gpasm-1.4.0 #1106 (Oct  6 2014) obj\Debug\mai   5-1-2022  15:14:47          PAGE 10


SYMBOL TABLE
  LABEL                             VALUE 

SSPCON2                           00000091
SSPEN                             00000005
SSPIE                             00000003
SSPIF                             00000003
SSPM0                             00000000
SSPM1                             00000001
SSPM2                             00000002
SSPM3                             00000003
SSPOV                             00000006
SSPSTAT                           00000094
STATUS                            00000003
STK00                             0000007F
STK01                             0000007E
STK02                             0000007D
STK03                             0000007C
STK04                             0000007B
STK05                             0000007A
STK06                             00000079
STK07                             00000078
STK08                             00000077
STK09                             00000076
STK10                             00000075
STK11                             00000074
STK12                             00000073
SYNC                              00000004
T0CS                              00000005
T0IE                              00000005
T0IF                              00000002
T0SE                              00000004
T1CKPS0                           00000004
T1CKPS1                           00000005
T1CON                             00000010
T1INSYNC                          00000002
T1OSCEN                           00000003
T1SYNC                            00000002
T2CKPS0                           00000000
T2CKPS1                           00000001
T2CON                             00000012
TMR0                              00000001
TMR0IE                            00000005
TMR0IF                            00000002
TMR1                              0000000E
TMR1CS                            00000001
TMR1H                             0000000F
TMR1IE                            00000000
TMR1IF                            00000000
TMR1L                             0000000E
TMR1ON                            00000000
TMR2                              00000011
TMR2IE                            00000001
TMR2IF                            00000001
TMR2ON                            00000002
TOUTPS0                           00000003
gpasm-1.4.0 #1106 (Oct  6 2014) obj\Debug\mai   5-1-2022  15:14:47          PAGE 11


SYMBOL TABLE
  LABEL                             VALUE 

TOUTPS1                           00000004
TOUTPS2                           00000005
TOUTPS3                           00000006
TRISA                             00000085
TRISA0                            00000000
TRISA1                            00000001
TRISA2                            00000002
TRISA3                            00000003
TRISA4                            00000004
TRISA5                            00000005
TRISB                             00000086
TRISB0                            00000000
TRISB1                            00000001
TRISB2                            00000002
TRISB3                            00000003
TRISB4                            00000004
TRISB5                            00000005
TRISB6                            00000006
TRISB7                            00000007
TRISC                             00000087
TRISC0                            00000000
TRISC1                            00000001
TRISC2                            00000002
TRISC3                            00000003
TRISC4                            00000004
TRISC5                            00000005
TRISC6                            00000006
TRISC7                            00000007
TRISD                             00000088
TRISD0                            00000000
TRISD1                            00000001
TRISD2                            00000002
TRISD3                            00000003
TRISD4                            00000004
TRISD5                            00000005
TRISD6                            00000006
TRISD7                            00000007
TRISE                             00000089
TRISE0                            00000000
TRISE1                            00000001
TRISE2                            00000002
TRMT                              00000001
TX8_9                             00000006
TX9                               00000006
TX9D                              00000000
TXD8                              00000000
TXEN                              00000005
TXIE                              00000004
TXIF                              00000004
TXREG                             00000019
TXSTA                             00000098
UA                                00000001
W                                 00000000
gpasm-1.4.0 #1106 (Oct  6 2014) obj\Debug\mai   5-1-2022  15:14:47          PAGE 12


SYMBOL TABLE
  LABEL                             VALUE 

WCOL                              00000007
WR                                00000001
WREN                              00000002
WRERR                             00000003
WSAVE                             00000072
Z                                 00000002
_BODEN_OFF                        00003FBF
_BODEN_ON                         00003FFF
_BOREN_OFF                        00003FBF
_BOREN_ON                         00003FFF
_CONFIG                           00002007
_CPD_OFF                          00003FFF
_CPD_ON                           00003EFF
_CP_ALL                           00001FFF
_CP_OFF                           00003FFF
_CP_ON                            00001FFF
_DEBUG_OFF                        00003FFF
_DEBUG_ON                         000037FF
_DEVID1                           00002006
_FOSC_EXTRC                       00003FFF
_FOSC_HS                          00003FFE
_FOSC_LP                          00003FFC
_FOSC_XT                          00003FFD
_HS_OSC                           00003FFE
_IDLOC0                           00002000
_IDLOC1                           00002001
_IDLOC2                           00002002
_IDLOC3                           00002003
_LP_OSC                           00003FFC
_LVP_OFF                          00003F7F
_LVP_ON                           00003FFF
_PWRTE_OFF                        00003FFF
_PWRTE_ON                         00003FF7
_RC_OSC                           00003FFF
_WDTE_OFF                         00003FFB
_WDTE_ON                          00003FFF
_WDT_OFF                          00003FFB
_WDT_ON                           00003FFF
_WRT_1FOURTH                      00003BFF
_WRT_256                          00003DFF
_WRT_HALF                         000039FF
_WRT_OFF                          00003FFF
_XT_OSC                           00003FFD
__16F877A                         00000001
__CODE_END                        00001FFF
__CODE_START                      00000000
__COMMON_RAM_END                  0000007F
__COMMON_RAM_START                00000070
__EEPROM_END                      000021FF
__EEPROM_START                    00002100
__VECTOR_INT                      00000004
__VECTOR_RESET                    00000000
___str_0                          00000000
gpasm-1.4.0 #1106 (Oct  6 2014) obj\Debug\mai   5-1-2022  15:14:47          PAGE 13


SYMBOL TABLE
  LABEL                             VALUE 

__itoa                            00000000
__ltoa                            00000000
__print_format                    00000000
__sdcc_gsinit_startup             00000000
__uitoa                           00000000
__ultoa                           00000000
_abs                              00000000
_atof                             00000000
_atoi                             00000000
_atol                             00000000
_calloc                           00000000
_code_main_0006                   00000006
_free                             00000000
_getchar                          00000000
_gets                             00000000
_labs                             00000000
_main                             00000000
_malloc                           00000000
_printf                           00000000
_printf_small                     00000000
_putchar                          00000000
_puts                             00000000
_rand                             00000000
_realloc                          00000000
_sprintf                          00000000
_srand                            00000000
_vprintf                          00000000
_vsprintf                         00000000

Errors   :     0
Warnings :     0 reported,     0 suppressed
Messages :     0 reported,     0 suppressed

