gpasm-1.4.0 #1106 (Oct  6 2014) obj\Debug\Sep   5-1-2022  15:21:24          PAGE  1


LOC    OBJECT CODE    LINE  SOURCE TEXT
  VALUE

                      00001 ;--------------------------------------------------------
                      00002 ; File Created by SDCC : free open source ANSI-C Compiler
                      00003 ; Version 3.5.0 #9253 (Jun 20 2015) (MINGW32)
                      00004 ; This file was generated Sun May 01 15:21:23 2022
                      00005 ;--------------------------------------------------------
                      00006 ; PIC port for the 14-bit core
                      00007 ;--------------------------------------------------------
                      00008         .file   "Sepeha_Controller.c"
                      00009         list    p=16f877a
                      00010         radix dec
                      00011         include "p16f877a.inc"
                      00001         LIST
                      00002 
                      00003 ;==========================================================================
                      00004 ; Build date : Aug 07 2014
                      00005 ;  MPASM PIC16F877A processor include
                      00006 ; 
                      00007 ;  (c) Copyright 1999-2014 Microchip Technology, All rights reserved
                      00008 ;==========================================================================
                      00009 
                      00567         LIST
                      00012 ;--------------------------------------------------------
                      00013 ; external declarations
                      00014 ;--------------------------------------------------------
  0000                00015         extern  _SW_Init
  0000                00016         extern  _SW_GetState
  0000                00017         extern  _SW_Update
  0000                00018         extern  _OS_Init
  0000                00019         extern  _OS_Start
  0000                00020         extern  _TMR_CheckOverFlow
  0000                00021         extern  _TMR_Stop
  0000                00022         extern  _TMR_Update
  0000                00023         extern  _STATUSbits
  0000                00024         extern  _PORTAbits
  0000                00025         extern  _PORTBbits
  0000                00026         extern  _PORTCbits
  0000                00027         extern  _PORTDbits
  0000                00028         extern  _PORTEbits
  0000                00029         extern  _INTCONbits
  0000                00030         extern  _PIR1bits
  0000                00031         extern  _PIR2bits
  0000                00032         extern  _T1CONbits
  0000                00033         extern  _T2CONbits
  0000                00034         extern  _SSPCONbits
  0000                00035         extern  _CCP1CONbits
  0000                00036         extern  _RCSTAbits
  0000                00037         extern  _CCP2CONbits
  0000                00038         extern  _ADCON0bits
  0000                00039         extern  _OPTION_REGbits
  0000                00040         extern  _TRISAbits
  0000                00041         extern  _TRISBbits
  0000                00042         extern  _TRISCbits
  0000                00043         extern  _TRISDbits
gpasm-1.4.0 #1106 (Oct  6 2014) obj\Debug\Sep   5-1-2022  15:21:24          PAGE  2


LOC    OBJECT CODE    LINE  SOURCE TEXT
  VALUE

  0000                00044         extern  _TRISEbits
  0000                00045         extern  _PIE1bits
  0000                00046         extern  _PIE2bits
  0000                00047         extern  _PCONbits
  0000                00048         extern  _SSPCON2bits
  0000                00049         extern  _SSPSTATbits
  0000                00050         extern  _TXSTAbits
  0000                00051         extern  _CMCONbits
  0000                00052         extern  _CVRCONbits
  0000                00053         extern  _ADCON1bits
  0000                00054         extern  _EECON1bits
  0000                00055         extern  _INDF
  0000                00056         extern  _TMR0
  0000                00057         extern  _PCL
  0000                00058         extern  _STATUS
  0000                00059         extern  _FSR
  0000                00060         extern  _PORTA
  0000                00061         extern  _PORTB
  0000                00062         extern  _PORTC
  0000                00063         extern  _PORTD
  0000                00064         extern  _PORTE
  0000                00065         extern  _PCLATH
  0000                00066         extern  _INTCON
  0000                00067         extern  _PIR1
  0000                00068         extern  _PIR2
  0000                00069         extern  _TMR1
  0000                00070         extern  _TMR1L
  0000                00071         extern  _TMR1H
  0000                00072         extern  _T1CON
  0000                00073         extern  _TMR2
  0000                00074         extern  _T2CON
  0000                00075         extern  _SSPBUF
  0000                00076         extern  _SSPCON
  0000                00077         extern  _CCPR1
  0000                00078         extern  _CCPR1L
  0000                00079         extern  _CCPR1H
  0000                00080         extern  _CCP1CON
  0000                00081         extern  _RCSTA
  0000                00082         extern  _TXREG
  0000                00083         extern  _RCREG
  0000                00084         extern  _CCPR2
  0000                00085         extern  _CCPR2L
  0000                00086         extern  _CCPR2H
  0000                00087         extern  _CCP2CON
  0000                00088         extern  _ADRESH
  0000                00089         extern  _ADCON0
  0000                00090         extern  _OPTION_REG
  0000                00091         extern  _TRISA
  0000                00092         extern  _TRISB
  0000                00093         extern  _TRISC
  0000                00094         extern  _TRISD
  0000                00095         extern  _TRISE
  0000                00096         extern  _PIE1
gpasm-1.4.0 #1106 (Oct  6 2014) obj\Debug\Sep   5-1-2022  15:21:24          PAGE  3


LOC    OBJECT CODE    LINE  SOURCE TEXT
  VALUE

  0000                00097         extern  _PIE2
  0000                00098         extern  _PCON
  0000                00099         extern  _SSPCON2
  0000                00100         extern  _PR2
  0000                00101         extern  _SSPADD
  0000                00102         extern  _SSPSTAT
  0000                00103         extern  _TXSTA
  0000                00104         extern  _SPBRG
  0000                00105         extern  _CMCON
  0000                00106         extern  _CVRCON
  0000                00107         extern  _ADRESL
  0000                00108         extern  _ADCON1
  0000                00109         extern  _EEDATA
  0000                00110         extern  _EEADR
  0000                00111         extern  _EEDATH
  0000                00112         extern  _EEADRH
  0000                00113         extern  _EECON1
  0000                00114         extern  _EECON2
                      00115 
  0000                00116         extern PSAVE
  0000                00117         extern SSAVE
  0000                00118         extern WSAVE
  0000                00119         extern STK12
  0000                00120         extern STK11
  0000                00121         extern STK10
  0000                00122         extern STK09
  0000                00123         extern STK08
  0000                00124         extern STK07
  0000                00125         extern STK06
  0000                00126         extern STK05
  0000                00127         extern STK04
  0000                00128         extern STK03
  0000                00129         extern STK02
  0000                00130         extern STK01
  0000                00131         extern STK00
                      00132 ;--------------------------------------------------------
                      00133 ; global declarations
                      00134 ;--------------------------------------------------------
  0000                00135         global  _SEPEHA_GetValue
  0000                00136         global  _SEPEHA_Update
  0000                00137         global  _SEPEHA_init
                      00138 
                      00139 ;--------------------------------------------------------
                      00140 ; global definitions
                      00141 ;--------------------------------------------------------
                      00142 ;--------------------------------------------------------
                      00143 ; absolute symbol definitions
                      00144 ;--------------------------------------------------------
                      00145 ;--------------------------------------------------------
                      00146 ; compiler-defined variables
                      00147 ;--------------------------------------------------------
                      00148 UDL_Sepeha_Controller_0 udata
0000                  00149 r0x1006 res     1
gpasm-1.4.0 #1106 (Oct  6 2014) obj\Debug\Sep   5-1-2022  15:21:24          PAGE  4


LOC    OBJECT CODE    LINE  SOURCE TEXT
  VALUE

0001                  00150 _counter        res     2
0003                  00151 _SEPEHA_Update_Sep_Counter_1_15 res     2
                      00152 ;--------------------------------------------------------
                      00153 ; initialized data
                      00154 ;--------------------------------------------------------
                      00155 ;--------------------------------------------------------
                      00156 ; overlayable items in internal ram 
                      00157 ;--------------------------------------------------------
                      00158 ;       udata_ovr
                      00159 ;--------------------------------------------------------
                      00160 ; code
                      00161 ;--------------------------------------------------------
                      00162 code_Sepeha_Controller  code
                      00163 ;***
                      00164 ;  pBlock Stats: dbName = C
                      00165 ;***
                      00166 ;entry:  _SEPEHA_GetValue       ;Function start
                      00167 ; 2 exit points
                      00168 ;has an exit
                      00169 ;3 compiler assigned registers:
                      00170 ;   r0x1004
                      00171 ;   r0x1005
                      00172 ;   STK00
                      00173 ;; Starting pCode block
                      00174 ;;; /home/sdcc-builder/build/sdcc-build/orig/sdcc/src/pic14/gen.c:2316:resultRemat *{*
                      00175 ;;; /home/sdcc-builder/build/sdcc-build/orig/sdcc/src/pic14/gen.c:2760:genLabel *{*
                      00176 ;; ***  genLabel  2763
                      00177 ;;; /home/sdcc-builder/build/sdcc-build/orig/sdcc/src/pic14/gen.c:2316:resultRemat *{*
                      00178 ;;; /home/sdcc-builder/build/sdcc-build/orig/sdcc/src/pic14/gen.c:2340:genFunction *{*
                      00179 ;; ***  genFunction  2342 curr label offset=8previous max_key=19 
0000                  00180 _SEPEHA_GetValue        ;Function start
                      00181 ; 2 exit points
                      00182 ;;; /home/sdcc-builder/build/sdcc-build/orig/sdcc/src/pic14/gen.c:2316:resultRemat *{*
                      00183 ;;; /home/sdcc-builder/build/sdcc-build/orig/sdcc/src/pic14/gen.c:6927:genAssign *{*
                      00184 ;; ***  genAssign  6928
                      00185 ;; ***  aopForSym 315
                      00186 ;;      327 sym->rname = _counter, size = 2
                      00187 ;;      694 register type nRegs=2
                      00188 ;;      line = 6937 result AOP_REG=r0x104B, size=2, left -=-, size=0, right AOP_DIR=_counter, size=2
                      00189 ;; ***  genAssign  7023
                      00190 ;;; /home/sdcc-builder/build/sdcc-build/orig/sdcc/src/pic14/gen.c:1343:mov2w_op *{*
                      00191 ;; ***  mov2w  1381  offset=0
                      00192 ;; >>> /home/sdcc-builder/build/sdcc-build/orig/sdcc/src/pic14/gen.c:1386:mov2w
                      00193 ;;      1009
                      00194 ;;      1028  _counter   offset=0
                      00195 ;;104   MOVF    _counter,W
                      00196 ;; >>> /home/sdcc-builder/build/sdcc-build/orig/sdcc/src/pic14/gen.c:7050:genAssign
                      00197 ;;      1109 rIdx = r0x104B 
                      00198 ;;102   MOVWF   r0x1004
                      00199 ;; ***  genAssign  7023
                      00200 ;;; /home/sdcc-builder/build/sdcc-build/orig/sdcc/src/pic14/gen.c:1343:mov2w_op *{*
                      00201 ;; ***  mov2w  1381  offset=1
                      00202 ;; >>> /home/sdcc-builder/build/sdcc-build/orig/sdcc/src/pic14/gen.c:1386:mov2w
gpasm-1.4.0 #1106 (Oct  6 2014) obj\Debug\Sep   5-1-2022  15:21:24          PAGE  5


LOC    OBJECT CODE    LINE  SOURCE TEXT
  VALUE

                      00203 ;;      1009
                      00204 ;;      1028  _counter   offset=1
                      00205 ;;101   MOVF    (_counter + 1),W
                      00206 ;; >>> /home/sdcc-builder/build/sdcc-build/orig/sdcc/src/pic14/gen.c:7050:genAssign
                      00207 ;;      1109 rIdx = r0x104C 
                      00208 ;;99    MOVWF   r0x1005
                      00209 ;;; /home/sdcc-builder/build/sdcc-build/orig/sdcc/src/pic14/gen.c:2316:resultRemat *{*
                      00210 ;;; /home/sdcc-builder/build/sdcc-build/orig/sdcc/src/pic14/gen.c:2683:genRet *{*
                      00211 ;; ***  genRet  2685
                      00212 ;;      694 register type nRegs=2
                      00213 ;;; /home/sdcc-builder/build/sdcc-build/orig/sdcc/src/pic14/gen.c:1343:mov2w_op *{*
                      00214 ;; ***  mov2w  1381  offset=0
                      00215 ;; >>> /home/sdcc-builder/build/sdcc-build/orig/sdcc/src/pic14/gen.c:1386:mov2w
                      00216 ;;      1109 rIdx = r0x104B 
                      00217 ;;103   MOVF    r0x1004,W
                      00218         .line   62; "Sepeha_Controller.c"       return count;
0000   ???? ????      00219         BANKSEL _counter
0002   08??           00220         MOVF    _counter,W
                      00221 ;; >>> /home/sdcc-builder/build/sdcc-build/orig/sdcc/src/pic14/gen.c:1416:pass_argument
                      00222 ;; ***  popRegFromIdx,1042  , rIdx=0x7f
0003   00??           00223         MOVWF   STK00
                      00224 ;;; /home/sdcc-builder/build/sdcc-build/orig/sdcc/src/pic14/gen.c:1343:mov2w_op *{*
                      00225 ;; ***  mov2w  1381  offset=1
                      00226 ;; >>> /home/sdcc-builder/build/sdcc-build/orig/sdcc/src/pic14/gen.c:1386:mov2w
                      00227 ;;      1109 rIdx = r0x104C 
                      00228 ;;100   MOVF    r0x1005,W
0004   08??           00229         MOVF    (_counter + 1),W
                      00230 ;;; /home/sdcc-builder/build/sdcc-build/orig/sdcc/src/pic14/gen.c:2316:resultRemat *{*
                      00231 ;;; /home/sdcc-builder/build/sdcc-build/orig/sdcc/src/pic14/gen.c:2760:genLabel *{*
                      00232 ;; ***  genLabel  2763
                      00233 ;;; /home/sdcc-builder/build/sdcc-build/orig/sdcc/src/pic14/gen.c:2316:resultRemat *{*
                      00234 ;;; /home/sdcc-builder/build/sdcc-build/orig/sdcc/src/pic14/gen.c:2528:genEndFunction *{*
                      00235 ;; ***  genEndFunction  2530
0005   0008           00236         RETURN  
                      00237 ; exit point of _SEPEHA_GetValue
                      00238 
                      00239 ;***
                      00240 ;  pBlock Stats: dbName = C
                      00241 ;***
                      00242 ;entry:  _SEPEHA_Update ;Function start
                      00243 ; 2 exit points
                      00244 ;has an exit
                      00245 ;functions called:
                      00246 ;   _SW_GetState
                      00247 ;   _SW_GetState
                      00248 ;   _SW_GetState
                      00249 ;   _SW_GetState
                      00250 ;1 compiler assigned register :
                      00251 ;   r0x1006
                      00252 ;; Starting pCode block
                      00253 ;;; /home/sdcc-builder/build/sdcc-build/orig/sdcc/src/pic14/gen.c:2316:resultRemat *{*
                      00254 ;;; /home/sdcc-builder/build/sdcc-build/orig/sdcc/src/pic14/gen.c:2760:genLabel *{*
                      00255 ;; ***  genLabel  2763
gpasm-1.4.0 #1106 (Oct  6 2014) obj\Debug\Sep   5-1-2022  15:21:24          PAGE  6


LOC    OBJECT CODE    LINE  SOURCE TEXT
  VALUE

                      00256 ;;; /home/sdcc-builder/build/sdcc-build/orig/sdcc/src/pic14/gen.c:2316:resultRemat *{*
                      00257 ;;; /home/sdcc-builder/build/sdcc-build/orig/sdcc/src/pic14/gen.c:2340:genFunction *{*
                      00258 ;; ***  genFunction  2342 curr label offset=4previous max_key=0 
0006                  00259 _SEPEHA_Update  ;Function start
                      00260 ; 2 exit points
                      00261 ;;; /home/sdcc-builder/build/sdcc-build/orig/sdcc/src/pic14/gen.c:2316:resultRemat *{*
                      00262 ;; ***  genPlus  611
                      00263 ;;; /home/sdcc-builder/build/sdcc-build/orig/sdcc/src/pic14/genarith.c:612:genPlus *{*
                      00264 ;; ***  aopForSym 315
                      00265 ;;      327 sym->rname = _SEPEHA_Update_Sep_Counter_1_15, size = 2
                      00266 ;;      575
                      00267 ;;      line = 618 result AOP_DIR=_SEPEHA_Update_Sep_Counter_1_15, size=2, left AOP_DIR=_SEPEHA_Update_S
                            ep_Counter_1_15, size=2, right AOP_LIT=0x05, size=2
                      00268 ;;; /home/sdcc-builder/build/sdcc-build/orig/sdcc/src/pic14/genarith.c:142:genPlusIncr *{*
                      00269 ;; ***  genPlusIncr  144
                      00270 ;;      result AOP_DIR, left AOP_DIR, right AOP_LIT
                      00271 ;;      genPlusIncr  156
                      00272 ;;      adding lit to something. size 2
                      00273 ;;; /home/sdcc-builder/build/sdcc-build/orig/sdcc/src/pic14/genarith.c:269:genAddLit *{*
                      00274 ;; ***  genAddLit  270
                      00275 ;; hi = 0       genAddLit  328
                      00276 ;; >>> /home/sdcc-builder/build/sdcc-build/orig/sdcc/src/pic14/genarith.c:344:genAddLit
                      00277         .line   34; "Sepeha_Controller.c"       Sep_Counter += TMR_TICK_MS;
0006   3005           00278         MOVLW   0x05
                      00279 ;; >>> /home/sdcc-builder/build/sdcc-build/orig/sdcc/src/pic14/genarith.c:345:genAddLit
                      00280 ;;      1009
                      00281 ;;      1028  _SEPEHA_Update_Sep_Counter_1_15   offset=0
0007   ???? ????      00282         BANKSEL _SEPEHA_Update_Sep_Counter_1_15
0009   07??           00283         ADDWF   _SEPEHA_Update_Sep_Counter_1_15,F
                      00284 ;; >>> /home/sdcc-builder/build/sdcc-build/orig/sdcc/src/pic14/genarith.c:346:genAddLit
000A   1803           00285         BTFSC   STATUS,0
                      00286 ;; >>> /home/sdcc-builder/build/sdcc-build/orig/sdcc/src/pic14/genarith.c:347:genAddLit
                      00287 ;;      1009
                      00288 ;;      1028  _SEPEHA_Update_Sep_Counter_1_15   offset=1
000B   0A??           00289         INCF    (_SEPEHA_Update_Sep_Counter_1_15 + 1),F
                      00290 ;; ***  addSign  861
                      00291 ;;; /home/sdcc-builder/build/sdcc-build/orig/sdcc/src/pic14/genarith.c:862:addSign *{*
                      00292 ;;; /home/sdcc-builder/build/sdcc-build/orig/sdcc/src/pic14/gen.c:2316:resultRemat *{*
                      00293 ;;; /home/sdcc-builder/build/sdcc-build/orig/sdcc/src/pic14/gen.c:3619:genCmpEq *{*
                      00294 ;; ***  genCmpEq  3620
                      00295 ;; ifx is non-null
                      00296 ;; ***  aopForSym 315
                      00297 ;;      327 sym->rname = _SEPEHA_Update_Sep_Counter_1_15, size = 2
                      00298 ;;      line = 3631 result AOP_CRY=0x00, size=0, left AOP_DIR=_SEPEHA_Update_Sep_Counter_1_15, size=2, r
                            ight AOP_LIT=0x14, size=2
                      00299 ;; ***  mov2w  1381  offset=0
                      00300 ;; >>> /home/sdcc-builder/build/sdcc-build/orig/sdcc/src/pic14/gen.c:1386:mov2w
                      00301 ;;      1009
                      00302 ;;      1028  _SEPEHA_Update_Sep_Counter_1_15   offset=0
                      00303         .line   36; "Sepeha_Controller.c"       if (Sep_Counter != SEPEHA_PERIOD_MS)
000C   08??           00304         MOVF    _SEPEHA_Update_Sep_Counter_1_15,W
                      00305 ;; >>> /home/sdcc-builder/build/sdcc-build/orig/sdcc/src/pic14/gen.c:3685:genCmpEq
000D   3A14           00306         XORLW   0x14
gpasm-1.4.0 #1106 (Oct  6 2014) obj\Debug\Sep   5-1-2022  15:21:24          PAGE  7


LOC    OBJECT CODE    LINE  SOURCE TEXT
  VALUE

                      00307 ;; >>> /home/sdcc-builder/build/sdcc-build/orig/sdcc/src/pic14/gen.c:3687:genCmpEq
000E   1D03           00308         BTFSS   STATUS,2
                      00309 ;; >>> /home/sdcc-builder/build/sdcc-build/orig/sdcc/src/pic14/gen.c:3690:genCmpEq
                      00310 ;; ***  popGetLabel  key=19, label offset 8
000F   2???           00311         GOTO    _00127_DS_
                      00312 ;; ***  mov2w  1381  offset=1
                      00313 ;; >>> /home/sdcc-builder/build/sdcc-build/orig/sdcc/src/pic14/gen.c:1386:mov2w
                      00314 ;;      1009
                      00315 ;;      1028  _SEPEHA_Update_Sep_Counter_1_15   offset=1
0010   08??           00316         MOVF    (_SEPEHA_Update_Sep_Counter_1_15 + 1),W
                      00317 ;; >>> /home/sdcc-builder/build/sdcc-build/orig/sdcc/src/pic14/gen.c:3685:genCmpEq
                      00318         .line   38; "Sepeha_Controller.c"       return;
0011   3A00           00319         XORLW   0x00
                      00320         .line   41; "Sepeha_Controller.c"       Sep_Counter = 0;
0012   1D03           00321         BTFSS   STATUS,2
0013                  00322 _00127_DS_
0013   2???           00323         GOTO    _00116_DS_
0014   ???? ????      00324         BANKSEL _SEPEHA_Update_Sep_Counter_1_15
0016   01??           00325         CLRF    _SEPEHA_Update_Sep_Counter_1_15
0017   01??           00326         CLRF    (_SEPEHA_Update_Sep_Counter_1_15 + 1)
                      00327 ;;; /home/sdcc-builder/build/sdcc-build/orig/sdcc/src/pic14/gen.c:2316:resultRemat *{*
                      00328 ;;; /home/sdcc-builder/build/sdcc-build/orig/sdcc/src/pic14/gen.c:2316:resultRemat *{*
                      00329 ;;; /home/sdcc-builder/build/sdcc-build/orig/sdcc/src/pic14/gen.c:2086:genCall *{*
                      00330 ;; ***  genCall  2088
                      00331 ;;; /home/sdcc-builder/build/sdcc-build/orig/sdcc/src/pic14/gen.c:1801:saveRegisters *{*
                      00332 ;; ***  saveRegisters  1803
                      00333 ;;      2135 left AOP_LIT
                      00334 ;;; /home/sdcc-builder/build/sdcc-build/orig/sdcc/src/pic14/gen.c:1343:mov2w_op *{*
                      00335 ;; >>> /home/sdcc-builder/build/sdcc-build/orig/sdcc/src/pic14/gen.c:1361:mov2w_op
                      00336         .line   42; "Sepeha_Controller.c"       if (SW_GetState(SW_INCREMENT) == SW_PRE_PRESSED)
0018   3000           00337         MOVLW   0x00
                      00338 ;; >>> /home/sdcc-builder/build/sdcc-build/orig/sdcc/src/pic14/gen.c:2173:genCall
0019   ???? ????      00339         PAGESEL _SW_GetState
                      00340 ;; >>> /home/sdcc-builder/build/sdcc-build/orig/sdcc/src/pic14/gen.c:2175:genCall
001B   2???           00341         CALL    _SW_GetState
                      00342 ;; >>> /home/sdcc-builder/build/sdcc-build/orig/sdcc/src/pic14/gen.c:2181:genCall
001C   ???? ????      00343         PAGESEL $
                      00344 ;;      694 register type nRegs=1
                      00345 ;;; /home/sdcc-builder/build/sdcc-build/orig/sdcc/src/pic14/gen.c:1907:assignResultValue *{*
                      00346 ;; ***  assignResultValue  1909
                      00347 ;;      line = 1911 result -=-, size=0, left AOP_REG=r0x104A, size=1, right -=-, size=0
                      00348 ;; >>> /home/sdcc-builder/build/sdcc-build/orig/sdcc/src/pic14/gen.c:1393:movwf
                      00349 ;;      1109 rIdx = r0x104A 
001E   ???? ????      00350         BANKSEL r0x1006
0020   00??           00351         MOVWF   r0x1006
0021   3A01           00352         XORLW   0x01
                      00353 ;; >>> /home/sdcc-builder/build/sdcc-build/orig/sdcc/src/pic14/gen.c:3687:genCmpEq
0022   1D03           00354         BTFSS   STATUS,2
                      00355 ;; >>> /home/sdcc-builder/build/sdcc-build/orig/sdcc/src/pic14/gen.c:3690:genCmpEq
                      00356 ;; ***  popGetLabel  key=6, label offset 8
0023   2???           00357         GOTO    _00114_DS_
                      00358 ;;; /home/sdcc-builder/build/sdcc-build/orig/sdcc/src/pic14/gen.c:2316:resultRemat *{*
                      00359 ;;; /home/sdcc-builder/build/sdcc-build/orig/sdcc/src/pic14/gen.c:2316:resultRemat *{*
gpasm-1.4.0 #1106 (Oct  6 2014) obj\Debug\Sep   5-1-2022  15:21:24          PAGE  8


LOC    OBJECT CODE    LINE  SOURCE TEXT
  VALUE

                      00360 ;; ***  genPlus  611
                      00361 ;;; /home/sdcc-builder/build/sdcc-build/orig/sdcc/src/pic14/genarith.c:612:genPlus *{*
                      00362 ;; ***  aopForSym 315
                      00363 ;;      327 sym->rname = _counter, size = 2
                      00364 ;;      line = 618 result AOP_DIR=_counter, size=2, left AOP_DIR=_counter, size=2, right AOP_LIT=0x01, s
                            ize=1
                      00365 ;;; /home/sdcc-builder/build/sdcc-build/orig/sdcc/src/pic14/genarith.c:142:genPlusIncr *{*
                      00366 ;; ***  genPlusIncr  144
                      00367 ;;      result AOP_DIR, left AOP_DIR, right AOP_LIT
                      00368 ;;      genPlusIncr  156
                      00369 ;; >>> /home/sdcc-builder/build/sdcc-build/orig/sdcc/src/pic14/genarith.c:168:genPlusIncr
                      00370 ;;      1009
                      00371 ;;      1028  _counter   offset=0
                      00372         .line   44; "Sepeha_Controller.c"       counter ++;
0024   ???? ????      00373         BANKSEL _counter
0026   0A??           00374         INCF    _counter,F
                      00375 ;; >>> /home/sdcc-builder/build/sdcc-build/orig/sdcc/src/pic14/genarith.c:172:genPlusIncr
0027   1903           00376         BTFSC   STATUS,2
                      00377 ;; >>> /home/sdcc-builder/build/sdcc-build/orig/sdcc/src/pic14/genarith.c:173:genPlusIncr
                      00378 ;;      1009
                      00379 ;;      1028  _counter   offset=1
0028   0A??           00380         INCF    (_counter + 1),F
                      00381 ;;; /home/sdcc-builder/build/sdcc-build/orig/sdcc/src/pic14/gen.c:2316:resultRemat *{*
                      00382 ;;; /home/sdcc-builder/build/sdcc-build/orig/sdcc/src/pic14/gen.c:2778:genGoto *{*
                      00383 ;; >>> /home/sdcc-builder/build/sdcc-build/orig/sdcc/src/pic14/gen.c:2780:genGoto
                      00384 ;; ***  popGetLabel  key=8, label offset 8
0029   2???           00385         GOTO    _00116_DS_
                      00386 ;;; /home/sdcc-builder/build/sdcc-build/orig/sdcc/src/pic14/gen.c:2316:resultRemat *{*
                      00387 ;;; /home/sdcc-builder/build/sdcc-build/orig/sdcc/src/pic14/gen.c:2760:genLabel *{*
                      00388 ;; ***  genLabel  2763
                      00389 ;;; /home/sdcc-builder/build/sdcc-build/orig/sdcc/src/pic14/gen.c:2316:resultRemat *{*
                      00390 ;;; /home/sdcc-builder/build/sdcc-build/orig/sdcc/src/pic14/gen.c:2316:resultRemat *{*
                      00391 ;;; /home/sdcc-builder/build/sdcc-build/orig/sdcc/src/pic14/gen.c:2086:genCall *{*
                      00392 ;; ***  genCall  2088
                      00393 ;;; /home/sdcc-builder/build/sdcc-build/orig/sdcc/src/pic14/gen.c:1801:saveRegisters *{*
                      00394 ;; ***  saveRegisters  1803
                      00395 ;;      2135 left AOP_LIT
                      00396 ;;; /home/sdcc-builder/build/sdcc-build/orig/sdcc/src/pic14/gen.c:1343:mov2w_op *{*
                      00397 ;; >>> /home/sdcc-builder/build/sdcc-build/orig/sdcc/src/pic14/gen.c:1361:mov2w_op
002A                  00398 _00114_DS_
                      00399         .line   46; "Sepeha_Controller.c"       else if (SW_GetState(SW_RESET) == SW_PRE_PRESSED)
002A   3001           00400         MOVLW   0x01
                      00401 ;; >>> /home/sdcc-builder/build/sdcc-build/orig/sdcc/src/pic14/gen.c:2173:genCall
002B   ???? ????      00402         PAGESEL _SW_GetState
                      00403 ;; >>> /home/sdcc-builder/build/sdcc-build/orig/sdcc/src/pic14/gen.c:2175:genCall
002D   2???           00404         CALL    _SW_GetState
                      00405 ;; >>> /home/sdcc-builder/build/sdcc-build/orig/sdcc/src/pic14/gen.c:2181:genCall
002E   ???? ????      00406         PAGESEL $
                      00407 ;;      694 register type nRegs=1
                      00408 ;;; /home/sdcc-builder/build/sdcc-build/orig/sdcc/src/pic14/gen.c:1907:assignResultValue *{*
                      00409 ;; ***  assignResultValue  1909
                      00410 ;;      line = 1911 result -=-, size=0, left AOP_REG=r0x104A, size=1, right -=-, size=0
                      00411 ;; >>> /home/sdcc-builder/build/sdcc-build/orig/sdcc/src/pic14/gen.c:1393:movwf
gpasm-1.4.0 #1106 (Oct  6 2014) obj\Debug\Sep   5-1-2022  15:21:24          PAGE  9


LOC    OBJECT CODE    LINE  SOURCE TEXT
  VALUE

                      00412 ;;      1109 rIdx = r0x104A 
0030   ???? ????      00413         BANKSEL r0x1006
0032   00??           00414         MOVWF   r0x1006
0033   3A01           00415         XORLW   0x01
                      00416 ;; >>> /home/sdcc-builder/build/sdcc-build/orig/sdcc/src/pic14/gen.c:3687:genCmpEq
0034   1D03           00417         BTFSS   STATUS,2
                      00418 ;; >>> /home/sdcc-builder/build/sdcc-build/orig/sdcc/src/pic14/gen.c:3690:genCmpEq
                      00419 ;; ***  popGetLabel  key=8, label offset 8
0035   2???           00420         GOTO    _00116_DS_
                      00421 ;;; /home/sdcc-builder/build/sdcc-build/orig/sdcc/src/pic14/gen.c:2316:resultRemat *{*
                      00422 ;;; /home/sdcc-builder/build/sdcc-build/orig/sdcc/src/pic14/gen.c:2316:resultRemat *{*
                      00423 ;;; /home/sdcc-builder/build/sdcc-build/orig/sdcc/src/pic14/gen.c:6927:genAssign *{*
                      00424 ;; ***  genAssign  6928
                      00425 ;; ***  aopForSym 315
                      00426 ;;      327 sym->rname = _counter, size = 2
                      00427 ;;      line = 6937 result AOP_DIR=_counter, size=2, left -=-, size=0, right AOP_LIT=0x00, size=2
                      00428 ;; ***  genAssign  7023
                      00429 ;; >>> /home/sdcc-builder/build/sdcc-build/orig/sdcc/src/pic14/gen.c:7035:genAssign
                      00430 ;;      1009
                      00431 ;;      1028  _counter   offset=0
                      00432         .line   48; "Sepeha_Controller.c"       counter = 0;
0036   ???? ????      00433         BANKSEL _counter
0038   01??           00434         CLRF    _counter
                      00435 ;; ***  genAssign  7023
                      00436 ;; >>> /home/sdcc-builder/build/sdcc-build/orig/sdcc/src/pic14/gen.c:7035:genAssign
                      00437 ;;      1009
                      00438 ;;      1028  _counter   offset=1
0039   01??           00439         CLRF    (_counter + 1)
                      00440 ;;; /home/sdcc-builder/build/sdcc-build/orig/sdcc/src/pic14/gen.c:2316:resultRemat *{*
                      00441 ;;; /home/sdcc-builder/build/sdcc-build/orig/sdcc/src/pic14/gen.c:2760:genLabel *{*
                      00442 ;; ***  genLabel  2763
                      00443 ;;; /home/sdcc-builder/build/sdcc-build/orig/sdcc/src/pic14/gen.c:2316:resultRemat *{*
                      00444 ;;; /home/sdcc-builder/build/sdcc-build/orig/sdcc/src/pic14/gen.c:2528:genEndFunction *{*
                      00445 ;; ***  genEndFunction  2530
003A                  00446 _00116_DS_
003A   0008           00447         RETURN  
                      00448 ; exit point of _SEPEHA_Update
                      00449 ;;; /home/sdcc-builder/build/sdcc-build/orig/sdcc/src/pic14/gen.c:7426:genpic14Code *{*
                      00450 
                      00451 ;***
                      00452 ;  pBlock Stats: dbName = C
                      00453 ;***
                      00454 ;entry:  _SEPEHA_init   ;Function start
                      00455 ; 2 exit points
                      00456 ;has an exit
                      00457 ;; Starting pCode block
                      00458 ;;; /home/sdcc-builder/build/sdcc-build/orig/sdcc/src/pic14/gen.c:2316:resultRemat *{*
                      00459 ;;; /home/sdcc-builder/build/sdcc-build/orig/sdcc/src/pic14/gen.c:2760:genLabel *{*
                      00460 ;; ***  genLabel  2763
                      00461 ;;; /home/sdcc-builder/build/sdcc-build/orig/sdcc/src/pic14/gen.c:2316:resultRemat *{*
                      00462 ;;; /home/sdcc-builder/build/sdcc-build/orig/sdcc/src/pic14/gen.c:2340:genFunction *{*
                      00463 ;; ***  genFunction  2342 curr label offset=0previous max_key=0 
003B                  00464 _SEPEHA_init    ;Function start
gpasm-1.4.0 #1106 (Oct  6 2014) obj\Debug\Sep   5-1-2022  15:21:24          PAGE 10


LOC    OBJECT CODE    LINE  SOURCE TEXT
  VALUE

                      00465 ; 2 exit points
                      00466 ;;; /home/sdcc-builder/build/sdcc-build/orig/sdcc/src/pic14/gen.c:2316:resultRemat *{*
                      00467 ;;; /home/sdcc-builder/build/sdcc-build/orig/sdcc/src/pic14/gen.c:6927:genAssign *{*
                      00468 ;; ***  genAssign  6928
                      00469 ;; ***  aopForSym 315
                      00470 ;;      327 sym->rname = _counter, size = 2
                      00471 ;;      line = 6937 result AOP_DIR=_counter, size=2, left -=-, size=0, right AOP_LIT=0x00, size=2
                      00472 ;; ***  genAssign  7023
                      00473 ;; >>> /home/sdcc-builder/build/sdcc-build/orig/sdcc/src/pic14/gen.c:7035:genAssign
                      00474 ;;      1009
                      00475 ;;      1028  _counter   offset=0
                      00476         .line   23; "Sepeha_Controller.c"       counter = 0;
003B   ???? ????      00477         BANKSEL _counter
003D   01??           00478         CLRF    _counter
                      00479 ;; ***  genAssign  7023
                      00480 ;; >>> /home/sdcc-builder/build/sdcc-build/orig/sdcc/src/pic14/gen.c:7035:genAssign
                      00481 ;;      1009
                      00482 ;;      1028  _counter   offset=1
003E   01??           00483         CLRF    (_counter + 1)
                      00484 ;;; /home/sdcc-builder/build/sdcc-build/orig/sdcc/src/pic14/gen.c:2316:resultRemat *{*
                      00485 ;;; /home/sdcc-builder/build/sdcc-build/orig/sdcc/src/pic14/gen.c:2760:genLabel *{*
                      00486 ;; ***  genLabel  2763
                      00487 ;;; /home/sdcc-builder/build/sdcc-build/orig/sdcc/src/pic14/gen.c:2316:resultRemat *{*
                      00488 ;;; /home/sdcc-builder/build/sdcc-build/orig/sdcc/src/pic14/gen.c:2528:genEndFunction *{*
                      00489 ;; ***  genEndFunction  2530
003F   0008           00490         RETURN  
                      00491 ; exit point of _SEPEHA_init
                      00492 ;;; /home/sdcc-builder/build/sdcc-build/orig/sdcc/src/pic14/gen.c:7426:genpic14Code *{*
                      00493 
                      00494 
                      00495 ;       code size estimation:
                      00496 ;          40+   12 =    52 instructions (  128 byte)
                      00497 
                      00498         end
gpasm-1.4.0 #1106 (Oct  6 2014) obj\Debug\Sep   5-1-2022  15:21:24          PAGE 11


SYMBOL TABLE
  LABEL                             VALUE

ACKDT                             00000005
ACKEN                             00000004
ACKSTAT                           00000006
ADCON0                            0000001F
ADCON1                            0000009F
ADCS0                             00000006
ADCS1                             00000007
ADCS2                             00000006
ADDEN                             00000003
ADFM                              00000007
ADIE                              00000006
ADIF                              00000006
ADON                              00000000
ADRESH                            0000001E
ADRESL                            0000009E
BCLIE                             00000003
BCLIF                             00000003
BF                                00000000
BRGH                              00000002
C                                 00000000
C1INV                             00000004
C1OUT                             00000006
C2INV                             00000005
C2OUT                             00000007
CCP1CON                           00000017
CCP1IE                            00000002
CCP1IF                            00000002
CCP1M0                            00000000
CCP1M1                            00000001
CCP1M2                            00000002
CCP1M3                            00000003
CCP1X                             00000005
CCP1Y                             00000004
CCP2CON                           0000001D
CCP2IE                            00000000
CCP2IF                            00000000
CCP2M0                            00000000
CCP2M1                            00000001
CCP2M2                            00000002
CCP2M3                            00000003
CCP2X                             00000005
CCP2Y                             00000004
CCPR1                             00000015
CCPR1H                            00000016
CCPR1L                            00000015
CCPR2                             0000001B
CCPR2H                            0000001C
CCPR2L                            0000001B
CHS0                              00000003
CHS1                              00000004
CHS2                              00000005
CIS                               00000003
CKE                               00000006
gpasm-1.4.0 #1106 (Oct  6 2014) obj\Debug\Sep   5-1-2022  15:21:24          PAGE 12


SYMBOL TABLE
  LABEL                             VALUE 

CKP                               00000004
CM0                               00000000
CM1                               00000001
CM2                               00000002
CMCON                             0000009C
CMIE                              00000006
CMIF                              00000006
CREN                              00000004
CSRC                              00000007
CVR0                              00000000
CVR1                              00000001
CVR2                              00000002
CVR3                              00000003
CVRCON                            0000009D
CVREN                             00000007
CVROE                             00000006
CVRR                              00000005
D                                 00000005
DATA_ADDRESS                      00000005
DC                                00000001
D_A                               00000005
D_NOT_A                           00000005
EEADR                             0000010D
EEADRH                            0000010F
EECON1                            0000018C
EECON2                            0000018D
EEDATA                            0000010C
EEDATH                            0000010E
EEIE                              00000004
EEIF                              00000004
EEPGD                             00000007
F                                 00000001
FERR                              00000002
FSR                               00000004
GCEN                              00000007
GIE                               00000007
GO                                00000002
GO_DONE                           00000002
GO_NOT_DONE                       00000002
I2C_DATA                          00000005
I2C_READ                          00000002
I2C_START                         00000003
I2C_STOP                          00000004
IBF                               00000007
IBOV                              00000005
INDF                              00000000
INTCON                            0000000B
INTE                              00000004
INTEDG                            00000006
INTF                              00000001
IRP                               00000007
NOT_A                             00000005
NOT_ADDRESS                       00000005
gpasm-1.4.0 #1106 (Oct  6 2014) obj\Debug\Sep   5-1-2022  15:21:24          PAGE 13


SYMBOL TABLE
  LABEL                             VALUE 

NOT_BO                            00000000
NOT_BOR                           00000000
NOT_DONE                          00000002
NOT_PD                            00000003
NOT_POR                           00000001
NOT_RBPU                          00000007
NOT_RC8                           00000006
NOT_T1SYNC                        00000002
NOT_TO                            00000004
NOT_TX8                           00000006
NOT_W                             00000002
NOT_WRITE                         00000002
OBF                               00000006
OERR                              00000001
OPTION_REG                        00000081
P                                 00000004
PCFG0                             00000000
PCFG1                             00000001
PCFG2                             00000002
PCFG3                             00000003
PCL                               00000002
PCLATH                            0000000A
PCON                              0000008E
PEIE                              00000006
PEN                               00000002
PIE1                              0000008C
PIE2                              0000008D
PIR1                              0000000C
PIR2                              0000000D
PORTA                             00000005
PORTB                             00000006
PORTC                             00000007
PORTD                             00000008
PORTE                             00000009
PR2                               00000092
PS0                               00000000
PS1                               00000001
PS2                               00000002
PSA                               00000003
PSAVE                             00000000
PSPIE                             00000007
PSPIF                             00000007
PSPMODE                           00000004
R                                 00000002
RA0                               00000000
RA1                               00000001
RA2                               00000002
RA3                               00000003
RA4                               00000004
RA5                               00000005
RB0                               00000000
RB1                               00000001
RB2                               00000002
gpasm-1.4.0 #1106 (Oct  6 2014) obj\Debug\Sep   5-1-2022  15:21:24          PAGE 14


SYMBOL TABLE
  LABEL                             VALUE 

RB3                               00000003
RB4                               00000004
RB5                               00000005
RB6                               00000006
RB7                               00000007
RBIE                              00000003
RBIF                              00000000
RC0                               00000000
RC1                               00000001
RC2                               00000002
RC3                               00000003
RC4                               00000004
RC5                               00000005
RC6                               00000006
RC7                               00000007
RC8_9                             00000006
RC9                               00000006
RCD8                              00000000
RCEN                              00000003
RCIE                              00000005
RCIF                              00000005
RCREG                             0000001A
RCSTA                             00000018
RD                                00000000
RD0                               00000000
RD1                               00000001
RD2                               00000002
RD3                               00000003
RD4                               00000004
RD5                               00000005
RD6                               00000006
RD7                               00000007
RE0                               00000000
RE1                               00000001
RE2                               00000002
READ_WRITE                        00000002
RP0                               00000005
RP1                               00000006
RSEN                              00000001
RX9                               00000006
RX9D                              00000000
R_NOT_W                           00000002
R_W                               00000002
S                                 00000003
SEN                               00000000
SMP                               00000007
SPBRG                             00000099
SPEN                              00000007
SREN                              00000005
SSAVE                             00000000
SSPADD                            00000093
SSPBUF                            00000013
SSPCON                            00000014
gpasm-1.4.0 #1106 (Oct  6 2014) obj\Debug\Sep   5-1-2022  15:21:24          PAGE 15


SYMBOL TABLE
  LABEL                             VALUE 

SSPCON2                           00000091
SSPEN                             00000005
SSPIE                             00000003
SSPIF                             00000003
SSPM0                             00000000
SSPM1                             00000001
SSPM2                             00000002
SSPM3                             00000003
SSPOV                             00000006
SSPSTAT                           00000094
STATUS                            00000003
STK00                             00000000
STK01                             00000000
STK02                             00000000
STK03                             00000000
STK04                             00000000
STK05                             00000000
STK06                             00000000
STK07                             00000000
STK08                             00000000
STK09                             00000000
STK10                             00000000
STK11                             00000000
STK12                             00000000
SYNC                              00000004
T0CS                              00000005
T0IE                              00000005
T0IF                              00000002
T0SE                              00000004
T1CKPS0                           00000004
T1CKPS1                           00000005
T1CON                             00000010
T1INSYNC                          00000002
T1OSCEN                           00000003
T1SYNC                            00000002
T2CKPS0                           00000000
T2CKPS1                           00000001
T2CON                             00000012
TMR0                              00000001
TMR0IE                            00000005
TMR0IF                            00000002
TMR1                              0000000E
TMR1CS                            00000001
TMR1H                             0000000F
TMR1IE                            00000000
TMR1IF                            00000000
TMR1L                             0000000E
TMR1ON                            00000000
TMR2                              00000011
TMR2IE                            00000001
TMR2IF                            00000001
TMR2ON                            00000002
TOUTPS0                           00000003
gpasm-1.4.0 #1106 (Oct  6 2014) obj\Debug\Sep   5-1-2022  15:21:24          PAGE 16


SYMBOL TABLE
  LABEL                             VALUE 

TOUTPS1                           00000004
TOUTPS2                           00000005
TOUTPS3                           00000006
TRISA                             00000085
TRISA0                            00000000
TRISA1                            00000001
TRISA2                            00000002
TRISA3                            00000003
TRISA4                            00000004
TRISA5                            00000005
TRISB                             00000086
TRISB0                            00000000
TRISB1                            00000001
TRISB2                            00000002
TRISB3                            00000003
TRISB4                            00000004
TRISB5                            00000005
TRISB6                            00000006
TRISB7                            00000007
TRISC                             00000087
TRISC0                            00000000
TRISC1                            00000001
TRISC2                            00000002
TRISC3                            00000003
TRISC4                            00000004
TRISC5                            00000005
TRISC6                            00000006
TRISC7                            00000007
TRISD                             00000088
TRISD0                            00000000
TRISD1                            00000001
TRISD2                            00000002
TRISD3                            00000003
TRISD4                            00000004
TRISD5                            00000005
TRISD6                            00000006
TRISD7                            00000007
TRISE                             00000089
TRISE0                            00000000
TRISE1                            00000001
TRISE2                            00000002
TRMT                              00000001
TX8_9                             00000006
TX9                               00000006
TX9D                              00000000
TXD8                              00000000
TXEN                              00000005
TXIE                              00000004
TXIF                              00000004
TXREG                             00000019
TXSTA                             00000098
UA                                00000001
W                                 00000000
gpasm-1.4.0 #1106 (Oct  6 2014) obj\Debug\Sep   5-1-2022  15:21:24          PAGE 17


SYMBOL TABLE
  LABEL                             VALUE 

WCOL                              00000007
WR                                00000001
WREN                              00000002
WRERR                             00000003
WSAVE                             00000000
Z                                 00000002
_00114_DS_                        0000002A
_00116_DS_                        0000003A
_00127_DS_                        00000013
_ADCON0                           00000000
_ADCON0bits                       00000000
_ADCON1                           00000000
_ADCON1bits                       00000000
_ADRESH                           00000000
_ADRESL                           00000000
_BODEN_OFF                        00003FBF
_BODEN_ON                         00003FFF
_BOREN_OFF                        00003FBF
_BOREN_ON                         00003FFF
_CCP1CON                          00000000
_CCP1CONbits                      00000000
_CCP2CON                          00000000
_CCP2CONbits                      00000000
_CCPR1                            00000000
_CCPR1H                           00000000
_CCPR1L                           00000000
_CCPR2                            00000000
_CCPR2H                           00000000
_CCPR2L                           00000000
_CMCON                            00000000
_CMCONbits                        00000000
_CONFIG                           00002007
_CPD_OFF                          00003FFF
_CPD_ON                           00003EFF
_CP_ALL                           00001FFF
_CP_OFF                           00003FFF
_CP_ON                            00001FFF
_CVRCON                           00000000
_CVRCONbits                       00000000
_DEBUG_OFF                        00003FFF
_DEBUG_ON                         000037FF
_DEVID1                           00002006
_EEADR                            00000000
_EEADRH                           00000000
_EECON1                           00000000
_EECON1bits                       00000000
_EECON2                           00000000
_EEDATA                           00000000
_EEDATH                           00000000
_FOSC_EXTRC                       00003FFF
_FOSC_HS                          00003FFE
_FOSC_LP                          00003FFC
_FOSC_XT                          00003FFD
gpasm-1.4.0 #1106 (Oct  6 2014) obj\Debug\Sep   5-1-2022  15:21:24          PAGE 18


SYMBOL TABLE
  LABEL                             VALUE 

_FSR                              00000000
_HS_OSC                           00003FFE
_IDLOC0                           00002000
_IDLOC1                           00002001
_IDLOC2                           00002002
_IDLOC3                           00002003
_INDF                             00000000
_INTCON                           00000000
_INTCONbits                       00000000
_LP_OSC                           00003FFC
_LVP_OFF                          00003F7F
_LVP_ON                           00003FFF
_OPTION_REG                       00000000
_OPTION_REGbits                   00000000
_OS_Init                          00000000
_OS_Start                         00000000
_PCL                              00000000
_PCLATH                           00000000
_PCON                             00000000
_PCONbits                         00000000
_PIE1                             00000000
_PIE1bits                         00000000
_PIE2                             00000000
_PIE2bits                         00000000
_PIR1                             00000000
_PIR1bits                         00000000
_PIR2                             00000000
_PIR2bits                         00000000
_PORTA                            00000000
_PORTAbits                        00000000
_PORTB                            00000000
_PORTBbits                        00000000
_PORTC                            00000000
_PORTCbits                        00000000
_PORTD                            00000000
_PORTDbits                        00000000
_PORTE                            00000000
_PORTEbits                        00000000
_PR2                              00000000
_PWRTE_OFF                        00003FFF
_PWRTE_ON                         00003FF7
_RCREG                            00000000
_RCSTA                            00000000
_RCSTAbits                        00000000
_RC_OSC                           00003FFF
_SEPEHA_GetValue                  00000000
_SEPEHA_Update                    00000006
_SEPEHA_Update_Sep_Counter_1_15   00000003
_SEPEHA_init                      0000003B
_SPBRG                            00000000
_SSPADD                           00000000
_SSPBUF                           00000000
_SSPCON                           00000000
gpasm-1.4.0 #1106 (Oct  6 2014) obj\Debug\Sep   5-1-2022  15:21:24          PAGE 19


SYMBOL TABLE
  LABEL                             VALUE 

_SSPCON2                          00000000
_SSPCON2bits                      00000000
_SSPCONbits                       00000000
_SSPSTAT                          00000000
_SSPSTATbits                      00000000
_STATUS                           00000000
_STATUSbits                       00000000
_SW_GetState                      00000000
_SW_Init                          00000000
_SW_Update                        00000000
_T1CON                            00000000
_T1CONbits                        00000000
_T2CON                            00000000
_T2CONbits                        00000000
_TMR0                             00000000
_TMR1                             00000000
_TMR1H                            00000000
_TMR1L                            00000000
_TMR2                             00000000
_TMR_CheckOverFlow                00000000
_TMR_Stop                         00000000
_TMR_Update                       00000000
_TRISA                            00000000
_TRISAbits                        00000000
_TRISB                            00000000
_TRISBbits                        00000000
_TRISC                            00000000
_TRISCbits                        00000000
_TRISD                            00000000
_TRISDbits                        00000000
_TRISE                            00000000
_TRISEbits                        00000000
_TXREG                            00000000
_TXSTA                            00000000
_TXSTAbits                        00000000
_WDTE_OFF                         00003FFB
_WDTE_ON                          00003FFF
_WDT_OFF                          00003FFB
_WDT_ON                           00003FFF
_WRT_1FOURTH                      00003BFF
_WRT_256                          00003DFF
_WRT_HALF                         000039FF
_WRT_OFF                          00003FFF
_XT_OSC                           00003FFD
__16F877A                         00000001
__CODE_END                        00001FFF
__CODE_START                      00000000
__COMMON_RAM_END                  0000007F
__COMMON_RAM_START                00000070
__EEPROM_END                      000021FF
__EEPROM_START                    00002100
__VECTOR_INT                      00000004
__VECTOR_RESET                    00000000
gpasm-1.4.0 #1106 (Oct  6 2014) obj\Debug\Sep   5-1-2022  15:21:24          PAGE 20


SYMBOL TABLE
  LABEL                             VALUE 

_code_Sepeha_Controller_001C      0000001C
_code_Sepeha_Controller_002E      0000002E
_counter                          00000001
r0x1006                           00000000

Errors   :     0
Warnings :     0 reported,     0 suppressed
Messages :     0 reported,     0 suppressed

